Release 14.7 Map P.20131013 (nt64)
Xilinx Mapping Report File for Design 'top'

Design Information
------------------
Command Line   : map -intstyle ise -p xc3s700an-fgg484-4 -cm area -ir off -pr
off -c 100 -o top_map.ncd top.ngd top.pcf 
Target Device  : xc3s700an
Target Package : fgg484
Target Speed   : -4
Mapper Version : spartan3a -- $Revision: 1.55 $
Mapped Date    : Wed Jun 21 23:09:26 2017

Design Summary
--------------
Number of errors:      0
Number of warnings:   16
Logic Utilization:
  Number of Slice Flip Flops:           204 out of  11,776    1%
  Number of 4 input LUTs:               377 out of  11,776    3%
Logic Distribution:
  Number of occupied Slices:            275 out of   5,888    4%
    Number of Slices containing only related logic:     275 out of     275 100%
    Number of Slices containing unrelated logic:          0 out of     275   0%
      *See NOTES below for an explanation of the effects of unrelated logic.
  Total Number of 4 input LUTs:         402 out of  11,776    3%
    Number used as logic:               360
    Number used as a route-thru:         25
    Number used as Shift registers:      17

  The Slice Logic Distribution report is not meaningful if the design is
  over-mapped for a non-slice resource or if Placement fails.

  Number of bonded IOBs:                 26 out of     372    6%
  Number of BUFGMUXs:                     2 out of      24    8%
  Number of RAMB16BWEs:                   6 out of      20   30%

Average Fanout of Non-Clock Nets:                3.90

Peak Memory Usage:  291 MB
Total REAL time to MAP completion:  1 secs 
Total CPU time to MAP completion:   1 secs 

NOTES:

   Related logic is defined as being logic that shares connectivity - e.g. two
   LUTs are "related" if they share common inputs.  When assembling slices,
   Map gives priority to combine logic that is related.  Doing so results in
   the best timing performance.

   Unrelated logic shares no connectivity.  Map will only begin packing
   unrelated logic into a slice once 99% of the slices are occupied through
   related logic packing.

   Note that once logic distribution reaches the 99% level through related
   logic packing, this does not mean the device is completely utilized.
   Unrelated logic packing will then begin, continuing until all usable LUTs
   and FFs are occupied.  Depending on your timing budget, increased levels of
   unrelated logic packing may adversely affect the overall timing performance
   of your design.

Table of Contents
-----------------
Section 1 - Errors
Section 2 - Warnings
Section 3 - Informational
Section 4 - Removed Logic Summary
Section 5 - Removed Logic
Section 6 - IOB Properties
Section 7 - RPMs
Section 8 - Guide Report
Section 9 - Area Group and Partition Summary
Section 10 - Timing Report
Section 11 - Configuration String Information
Section 12 - Control Set Information
Section 13 - Utilization by Hierarchy

Section 1 - Errors
------------------

Section 2 - Warnings
--------------------
WARNING:PhysDesignRules:812 - Dangling pin <DIA0> on
   block:<vga/char_rom/U0/xst_blk_mem_generator/gnativebmg.native_blk_mem_gen/va
   lid.cstr/ramloop[0].ram.r/s3a_init.ram/dpram.ram>:<RAMB16BWE_RAMB16BWE>.
WARNING:PhysDesignRules:812 - Dangling pin <DIA1> on
   block:<vga/char_rom/U0/xst_blk_mem_generator/gnativebmg.native_blk_mem_gen/va
   lid.cstr/ramloop[0].ram.r/s3a_init.ram/dpram.ram>:<RAMB16BWE_RAMB16BWE>.
WARNING:PhysDesignRules:812 - Dangling pin <DIA2> on
   block:<vga/char_rom/U0/xst_blk_mem_generator/gnativebmg.native_blk_mem_gen/va
   lid.cstr/ramloop[0].ram.r/s3a_init.ram/dpram.ram>:<RAMB16BWE_RAMB16BWE>.
WARNING:PhysDesignRules:812 - Dangling pin <DIA3> on
   block:<vga/char_rom/U0/xst_blk_mem_generator/gnativebmg.native_blk_mem_gen/va
   lid.cstr/ramloop[0].ram.r/s3a_init.ram/dpram.ram>:<RAMB16BWE_RAMB16BWE>.
WARNING:PhysDesignRules:812 - Dangling pin <DIA4> on
   block:<vga/char_rom/U0/xst_blk_mem_generator/gnativebmg.native_blk_mem_gen/va
   lid.cstr/ramloop[0].ram.r/s3a_init.ram/dpram.ram>:<RAMB16BWE_RAMB16BWE>.
WARNING:PhysDesignRules:812 - Dangling pin <DIA5> on
   block:<vga/char_rom/U0/xst_blk_mem_generator/gnativebmg.native_blk_mem_gen/va
   lid.cstr/ramloop[0].ram.r/s3a_init.ram/dpram.ram>:<RAMB16BWE_RAMB16BWE>.
WARNING:PhysDesignRules:812 - Dangling pin <DIA6> on
   block:<vga/char_rom/U0/xst_blk_mem_generator/gnativebmg.native_blk_mem_gen/va
   lid.cstr/ramloop[0].ram.r/s3a_init.ram/dpram.ram>:<RAMB16BWE_RAMB16BWE>.
WARNING:PhysDesignRules:812 - Dangling pin <DIA7> on
   block:<vga/char_rom/U0/xst_blk_mem_generator/gnativebmg.native_blk_mem_gen/va
   lid.cstr/ramloop[0].ram.r/s3a_init.ram/dpram.ram>:<RAMB16BWE_RAMB16BWE>.
WARNING:PhysDesignRules:812 - Dangling pin <DIA0> on
   block:<cpu/myrom/U0/xst_blk_mem_generator/gnativebmg.native_blk_mem_gen/valid
   .cstr/ramloop[0].ram.r/s3a_init.ram/spram.ram>:<RAMB16BWE_RAMB16BWE>.
WARNING:PhysDesignRules:812 - Dangling pin <DIA1> on
   block:<cpu/myrom/U0/xst_blk_mem_generator/gnativebmg.native_blk_mem_gen/valid
   .cstr/ramloop[0].ram.r/s3a_init.ram/spram.ram>:<RAMB16BWE_RAMB16BWE>.
WARNING:PhysDesignRules:812 - Dangling pin <DIA8> on
   block:<cpu/myrom/U0/xst_blk_mem_generator/gnativebmg.native_blk_mem_gen/valid
   .cstr/ramloop[0].ram.r/s3a_init.ram/spram.ram>:<RAMB16BWE_RAMB16BWE>.
WARNING:PhysDesignRules:812 - Dangling pin <DIA9> on
   block:<cpu/myrom/U0/xst_blk_mem_generator/gnativebmg.native_blk_mem_gen/valid
   .cstr/ramloop[0].ram.r/s3a_init.ram/spram.ram>:<RAMB16BWE_RAMB16BWE>.
WARNING:PhysDesignRules:812 - Dangling pin <DIA16> on
   block:<cpu/myrom/U0/xst_blk_mem_generator/gnativebmg.native_blk_mem_gen/valid
   .cstr/ramloop[0].ram.r/s3a_init.ram/spram.ram>:<RAMB16BWE_RAMB16BWE>.
WARNING:PhysDesignRules:812 - Dangling pin <DIA17> on
   block:<cpu/myrom/U0/xst_blk_mem_generator/gnativebmg.native_blk_mem_gen/valid
   .cstr/ramloop[0].ram.r/s3a_init.ram/spram.ram>:<RAMB16BWE_RAMB16BWE>.
WARNING:PhysDesignRules:812 - Dangling pin <DIA24> on
   block:<cpu/myrom/U0/xst_blk_mem_generator/gnativebmg.native_blk_mem_gen/valid
   .cstr/ramloop[0].ram.r/s3a_init.ram/spram.ram>:<RAMB16BWE_RAMB16BWE>.
WARNING:PhysDesignRules:812 - Dangling pin <DIA25> on
   block:<cpu/myrom/U0/xst_blk_mem_generator/gnativebmg.native_blk_mem_gen/valid
   .cstr/ramloop[0].ram.r/s3a_init.ram/spram.ram>:<RAMB16BWE_RAMB16BWE>.

Section 3 - Informational
-------------------------
INFO:LIT:243 - Logical network vga/char_rom/douta<15> has no load.
INFO:LIT:395 - The above info message is repeated 7 more times for the following
   (max. 5 shown):
   vga/char_rom/douta<14>,
   vga/char_rom/douta<13>,
   vga/char_rom/douta<12>,
   vga/char_rom/douta<11>,
   vga/char_rom/douta<10>
   To see the details of these info messages, please use the -detail switch.
INFO:MapLib:562 - No environment variables are currently set.
INFO:MapLib:159 - Net Timing constraints on signal CLK_50M are pushed forward
   through input buffer.

Section 4 - Removed Logic Summary
---------------------------------
   1 block(s) removed
  25 block(s) optimized away
   8 signal(s) removed

Section 5 - Removed Logic
-------------------------

The trimmed logic report below shows the logic removed from your design due to
sourceless or loadless signals, and VCC or ground connections.  If the removal
of a signal or symbol results in the subsequent removal of an additional signal
or symbol, the message explaining that second removal will be indented.  This
indentation will be repeated as a chain of related logic is removed.

To quickly locate the original cause for the removal of a chain of logic, look
above the place where that logic is listed in the trimming report, then locate
the lines that are least indented (begin at the leftmost edge).

The signal "vga/char_rom/douta<15>" is sourceless and has been removed.
The signal "vga/char_rom/douta<14>" is sourceless and has been removed.
The signal "vga/char_rom/douta<13>" is sourceless and has been removed.
The signal "vga/char_rom/douta<12>" is sourceless and has been removed.
The signal "vga/char_rom/douta<11>" is sourceless and has been removed.
The signal "vga/char_rom/douta<10>" is sourceless and has been removed.
The signal "vga/char_rom/douta<9>" is sourceless and has been removed.
The signal "vga/char_rom/douta<8>" is sourceless and has been removed.
Unused block
"vga/char_rom/U0/xst_blk_mem_generator/gnativebmg.native_blk_mem_gen/valid.cstr/
ramloop[1].ram.r/s3a_init.ram/dpram.ram" (RAMB16BWE) removed.

Optimized Block(s):
TYPE 		BLOCK
GND 		XST_GND
VCC 		XST_VCC
GND 		cpu/myrom/XST_GND
VCC 		cpu/myrom/XST_VCC
GND 		vga/char_rom/XST_GND
VCC 		vga/char_rom/XST_VCC
GND 		vga/map_ram/XST_GND
VCC 		vga/map_ram/XST_VCC

To enable printing of redundant blocks removed and signals merged, set the
detailed map report option and rerun map.

Section 6 - IOB Properties
--------------------------

+-------------------------------------------------------------------------------------------------------------------------------------------------------------------------------+
| IOB Name                           | Type             | Direction | IO Standard          | Diff  | Drive    | Slew    | Reg (s)      | Resistor | IBUF/IFD | SUSPEND          |
|                                    |                  |           |                      | Term  | Strength | Rate    |              |          | Delay    |                  |
+-------------------------------------------------------------------------------------------------------------------------------------------------------------------------------+
| CLK_50M                            | IBUF             | INPUT     | LVCMOS33             |       |          |         |              |          | 0 / 0    |                  |
| GPO<0>                             | IOB              | OUTPUT    | LVCMOS25             |       | 12       | SLOW    |              |          | 0 / 0    | 3STATE           |
| GPO<1>                             | IOB              | OUTPUT    | LVCMOS25             |       | 12       | SLOW    |              |          | 0 / 0    | 3STATE           |
| GPO<2>                             | IOB              | OUTPUT    | LVCMOS25             |       | 12       | SLOW    |              |          | 0 / 0    | 3STATE           |
| GPO<3>                             | IOB              | OUTPUT    | LVCMOS25             |       | 12       | SLOW    |              |          | 0 / 0    | 3STATE           |
| GPO<4>                             | IOB              | OUTPUT    | LVCMOS25             |       | 12       | SLOW    |              |          | 0 / 0    | 3STATE           |
| GPO<5>                             | IOB              | OUTPUT    | LVCMOS25             |       | 12       | SLOW    |              |          | 0 / 0    | 3STATE           |
| GPO<6>                             | IOB              | OUTPUT    | LVCMOS25             |       | 12       | SLOW    |              |          | 0 / 0    | 3STATE           |
| GPO<7>                             | IOB              | OUTPUT    | LVCMOS25             |       | 12       | SLOW    |              |          | 0 / 0    | 3STATE           |
| PS2C                               | IBUF             | INPUT     | LVCMOS25             |       |          |         |              |          | 0 / 0    |                  |
| PS2D                               | IBUF             | INPUT     | LVCMOS25             |       |          |         |              |          | 0 / 0    |                  |
| RESET                              | IBUF             | INPUT     | LVCMOS25             |       |          |         |              |          | 0 / 0    |                  |
| VGA_B<0>                           | IOB              | OUTPUT    | LVCMOS33             |       | 8        | FAST    |              |          | 0 / 0    | 3STATE           |
| VGA_B<1>                           | IOB              | OUTPUT    | LVCMOS33             |       | 8        | FAST    |              |          | 0 / 0    | 3STATE           |
| VGA_B<2>                           | IOB              | OUTPUT    | LVCMOS33             |       | 8        | FAST    |              |          | 0 / 0    | 3STATE           |
| VGA_B<3>                           | IOB              | OUTPUT    | LVCMOS33             |       | 8        | FAST    |              |          | 0 / 0    | 3STATE           |
| VGA_G<0>                           | IOB              | OUTPUT    | LVCMOS33             |       | 8        | FAST    |              |          | 0 / 0    | 3STATE           |
| VGA_G<1>                           | IOB              | OUTPUT    | LVCMOS33             |       | 8        | FAST    |              |          | 0 / 0    | 3STATE           |
| VGA_G<2>                           | IOB              | OUTPUT    | LVCMOS33             |       | 8        | FAST    |              |          | 0 / 0    | 3STATE           |
| VGA_G<3>                           | IOB              | OUTPUT    | LVCMOS33             |       | 8        | FAST    |              |          | 0 / 0    | 3STATE           |
| VGA_HSYNC                          | IOB              | OUTPUT    | LVCMOS33             |       | 8        | FAST    |              |          | 0 / 0    | 3STATE           |
| VGA_R<0>                           | IOB              | OUTPUT    | LVCMOS33             |       | 8        | FAST    |              |          | 0 / 0    | 3STATE           |
| VGA_R<1>                           | IOB              | OUTPUT    | LVCMOS33             |       | 8        | FAST    |              |          | 0 / 0    | 3STATE           |
| VGA_R<2>                           | IOB              | OUTPUT    | LVCMOS33             |       | 8        | FAST    |              |          | 0 / 0    | 3STATE           |
| VGA_R<3>                           | IOB              | OUTPUT    | LVCMOS33             |       | 8        | FAST    |              |          | 0 / 0    | 3STATE           |
| VGA_VSYNC                          | IOB              | OUTPUT    | LVCMOS33             |       | 8        | FAST    |              |          | 0 / 0    | 3STATE           |
+-------------------------------------------------------------------------------------------------------------------------------------------------------------------------------+

Section 7 - RPMs
----------------

Section 8 - Guide Report
------------------------
Guide not run on this design.

Section 9 - Area Group and Partition Summary
--------------------------------------------

Partition Implementation Status
-------------------------------

  No Partitions were found in this design.

-------------------------------

Area Group Information
----------------------

  No area groups were found in this design.

----------------------

Section 10 - Timing Report
--------------------------
This design was not run using timing mode.

Section 11 - Configuration String Details
-----------------------------------------
Use the "-detail" map option to print out Configuration Strings

Section 12 - Control Set Information
------------------------------------
No control set information for this architecture.

Section 13 - Utilization by Hierarchy
-------------------------------------
Use the "-detail" map option to print out the Utilization by Hierarchy section.
