INFO:sim:172 - Generating IP...
Applying current project options...
Finished applying current project options.
Resolving generics for 'char_rom'...
WARNING:sim - A core named 'char_rom' already exists in the project. Output
   products for this core may be overwritten.
Applying external generics to 'char_rom'...
Delivering associated files for 'char_rom'...
Delivering EJava files for 'char_rom'...
Generating implementation netlist for 'char_rom'...
INFO:sim - Pre-processing HDL files for 'char_rom'...
Running synthesis for 'char_rom'
Running ngcbuild...
Writing VEO instantiation template for 'char_rom'...
Writing Verilog behavioral simulation model for 'char_rom'...
WARNING:sim - Overwriting existing file
   C:/Users/Admin/simple/ipcore_dir/tmp/_cg/char_rom/doc/blk_mem_gen_v7_3_vinfo.
   html with file from view xilinx_documentation
Delivered 1 file into directory
C:/Users/Admin/simple/ipcore_dir/tmp/_cg/char_rom
Generating ASY schematic symbol...
INFO:sim:949 - Finished generation of ASY schematic symbol.
Generating SYM schematic symbol for 'char_rom'...
Generating metadata file...
Regenerating ISE project file for 'char_rom'...
Generating ISE project...
XCO file found: char_rom.xco
XMDF file found: char_rom_xmdf.tcl
Adding C:/Users/Admin/simple/ipcore_dir/tmp/_cg/char_rom.asy -view all
-origin_type imported
Adding C:/Users/Admin/simple/ipcore_dir/tmp/_cg/char_rom.ngc -view all
-origin_type created
Checking file "C:/Users/Admin/simple/ipcore_dir/tmp/_cg/char_rom.ngc" for
project device match ...
File "C:/Users/Admin/simple/ipcore_dir/tmp/_cg/char_rom.ngc" device information
matches project device.
Adding C:/Users/Admin/simple/ipcore_dir/tmp/_cg/char_rom.sym -view all
-origin_type imported
Adding C:/Users/Admin/simple/ipcore_dir/tmp/_cg/char_rom.v -view all
-origin_type created
INFO:HDLCompiler:1845 - Analyzing Verilog file
   "C:/Users/Admin/simple/ipcore_dir/tmp/_cg/char_rom.v" into library work
INFO:ProjectMgmt - Parsing design hierarchy completed successfully.
Adding C:/Users/Admin/simple/ipcore_dir/tmp/_cg/char_rom.veo -view all
-origin_type imported
INFO:TclTasksC:2116 - The automatic calculation of top has been turned-off.
   Please set the new top explicitly by running the "project set top" command.
   To re-calculate the new top automatically, set the "Auto Implementation Top"
   property to true.
Top level has been set to "/char_rom"
Generating README file...
Generating FLIST file...
INFO:sim:948 - Finished FLIST file generation.
Moving files to output directory...
Finished moving files to output directory
Wrote CGP file for project 'char_rom'.
